nohup: ignoring input
/home/pragya/f1tenth_gym/gym/f110_gym/envs/base_classes.py:95: UserWarning: Chosen integrator is RK4. This is different from previous versions of the gym.
  warnings.warn(f"Chosen integrator is RK4. This is different from previous versions of the gym.")
Using gym at: /home/pragya/f1tenth_gym/gym
LiDAR: 1080 beams → subsample every 5 → 216 dims
Episodes per map: 200  |  Max steps: 3000

============================================================
Map: berlin  |  Episodes: 200  |  Start: [0.0, 0.0, 1.37]
============================================================
  ep   1: 2442 steps  💥 collided  (9.0s)
  ep   2: 2431 steps  💥 collided  (8.3s)
  ep   3: 2434 steps  💥 collided  (8.6s)
  ep   4: 2449 steps  💥 collided  (10.7s)
  ep   5: 2440 steps  💥 collided  (8.8s)
  ep   6: 2472 steps  💥 collided  (9.2s)
  ep   7: 2434 steps  💥 collided  (8.8s)
  ep   8: 2449 steps  💥 collided  (8.5s)
  ep   9: 2419 steps  💥 collided  (9.2s)
  ep  10: 2442 steps  💥 collided  (9.2s)
  ep  11: 2414 steps  💥 collided  (8.4s)
  ep  12: 2539 steps  💥 collided  (8.9s)
  ep  13: 2440 steps  💥 collided  (9.0s)
  ep  14: 2461 steps  💥 collided  (8.9s)
  ep  15: 2475 steps  💥 collided  (8.1s)
  ep  16: 2465 steps  💥 collided  (8.2s)
  ep  17: 2445 steps  💥 collided  (8.2s)
  ep  18: 2367 steps  💥 collided  (7.9s)
  ep  19: 2472 steps  💥 collided  (8.2s)
  ep  20: 2434 steps  💥 collided  (8.0s)
  ep  21: 2477 steps  💥 collided  (9.1s)
  ep  22: 2481 steps  💥 collided  (9.0s)
  ep  23: 1458 steps  💥 collided  (5.3s)
  ep  24: 2460 steps  💥 collided  (8.7s)
  ep  25: 2458 steps  💥 collided  (9.2s)
  ep  26: 2429 steps  💥 collided  (9.4s)
  ep  27: 2427 steps  💥 collided  (10.7s)
  ep  28: 2464 steps  💥 collided  (9.9s)
  ep  29: 2442 steps  💥 collided  (8.9s)
  ep  30: 2465 steps  💥 collided  (8.7s)
  ep  31: 2445 steps  💥 collided  (8.5s)
  ep  32: 2370 steps  💥 collided  (8.6s)
  ep  33: 2445 steps  💥 collided  (8.9s)
  ep  34: 2418 steps  💥 collided  (8.6s)
  ep  35: 2470 steps  💥 collided  (8.8s)
  ep  36: 2422 steps  💥 collided  (8.9s)
  ep  37: 2399 steps  💥 collided  (9.2s)
  ep  38: 2414 steps  💥 collided  (9.8s)
  ep  39: 2427 steps  💥 collided  (10.0s)
  ep  40: 2429 steps  💥 collided  (9.1s)
  ep  41: 2477 steps  💥 collided  (8.8s)
  ep  42: 2464 steps  💥 collided  (8.8s)
  ep  43: 2407 steps  💥 collided  (8.4s)
  ep  44: 2422 steps  💥 collided  (8.9s)
  ep  45: 2430 steps  💥 collided  (8.3s)
  ep  46: 2434 steps  💥 collided  (8.6s)
  ep  47: 2465 steps  💥 collided  (9.0s)
  ep  48: 2434 steps  💥 collided  (8.8s)
  ep  49: 2438 steps  💥 collided  (7.9s)
  ep  50: 2448 steps  💥 collided  (8.0s)
  ep  51: 2422 steps  💥 collided  (7.9s)
  ep  52: 2465 steps  💥 collided  (8.2s)
  ep  53: 2468 steps  💥 collided  (8.5s)
  ep  54: 2392 steps  💥 collided  (8.3s)
  ep  55: 2375 steps  💥 collided  (8.3s)
  ep  56: 2498 steps  💥 collided  (8.1s)
  ep  57: 2445 steps  💥 collided  (8.1s)
  ep  58: 2431 steps  💥 collided  (8.3s)
  ep  59: 2481 steps  💥 collided  (8.7s)
  ep  60: 2458 steps  💥 collided  (8.0s)
  ep  61: 2442 steps  💥 collided  (8.1s)
  ep  62: 2442 steps  💥 collided  (8.2s)
  ep  63: 2448 steps  💥 collided  (8.6s)
  ep  64: 2469 steps  💥 collided  (8.5s)
  ep  65: 2477 steps  💥 collided  (8.5s)
  ep  66: 2489 steps  💥 collided  (8.4s)
  ep  67: 2449 steps  💥 collided  (8.0s)
  ep  68: 2440 steps  💥 collided  (8.1s)
  ep  69: 2481 steps  💥 collided  (8.5s)
  ep  70: 2462 steps  💥 collided  (9.4s)
  ep  71: 2390 steps  💥 collided  (8.2s)
  ep  72: 2441 steps  💥 collided  (8.7s)
  ep  73: 2434 steps  💥 collided  (8.3s)
  ep  74: 2470 steps  💥 collided  (8.3s)
  ep  75: 2419 steps  💥 collided  (8.2s)
  ep  76: 2559 steps  💥 collided  (8.3s)
  ep  77: 2464 steps  💥 collided  (8.4s)
  ep  78: 2432 steps  💥 collided  (8.1s)
  ep  79: 2437 steps  💥 collided  (8.7s)
  ep  80: 2449 steps  💥 collided  (8.7s)
  ep  81: 2445 steps  💥 collided  (8.4s)
  ep  82: 2464 steps  💥 collided  (8.6s)
  ep  83: 2546 steps  💥 collided  (8.6s)
  ep  84: 2461 steps  💥 collided  (8.4s)
  ep  85: 2406 steps  💥 collided  (8.4s)
  ep  86: 2439 steps  💥 collided  (8.6s)
  ep  87: 2419 steps  💥 collided  (8.6s)
  ep  88: 2497 steps  💥 collided  (8.0s)
  ep  89: 2465 steps  💥 collided  (8.4s)
  ep  90: 2390 steps  💥 collided  (8.0s)
  ep  91: 2500 steps  💥 collided  (8.3s)
  ep  92: 2449 steps  💥 collided  (8.0s)
  ep  93: 2413 steps  💥 collided  (8.9s)
  ep  94: 2375 steps  💥 collided  (8.0s)
  ep  95: 2431 steps  💥 collided  (7.9s)
  ep  96: 2465 steps  💥 collided  (8.1s)
  ep  97: 2399 steps  💥 collided  (8.1s)
  ep  98: 2425 steps  💥 collided  (8.0s)
  ep  99: 2437 steps  💥 collided  (8.0s)
  ep 100: 2402 steps  💥 collided  (8.0s)
  ep 101: 2396 steps  💥 collided  (8.0s)
  ep 102: 2407 steps  💥 collided  (7.9s)
  ep 103: 2489 steps  💥 collided  (8.5s)
  ep 104: 2429 steps  💥 collided  (8.1s)
  ep 105: 2414 steps  💥 collided  (7.9s)
  ep 106: 2429 steps  💥 collided  (8.1s)
  ep 107: 2442 steps  💥 collided  (8.2s)
  ep 108: 2533 steps  💥 collided  (8.4s)
  ep 109: 2414 steps  💥 collided  (8.0s)
  ep 110: 2445 steps  💥 collided  (8.4s)
  ep 111: 2408 steps  💥 collided  (8.2s)
  ep 112: 2469 steps  💥 collided  (8.0s)
  ep 113: 2458 steps  💥 collided  (8.4s)
  ep 114: 2414 steps  💥 collided  (8.4s)
  ep 115: 2431 steps  💥 collided  (8.8s)
  ep 116: 2445 steps  💥 collided  (8.9s)
  ep 117: 2558 steps  💥 collided  (8.7s)
  ep 118: 2440 steps  💥 collided  (8.7s)
  ep 119: 2434 steps  💥 collided  (7.8s)
  ep 120: 2406 steps  💥 collided  (7.9s)
  ep 121: 2465 steps  💥 collided  (8.8s)
  ep 122: 2470 steps  💥 collided  (9.4s)
  ep 123: 2442 steps  💥 collided  (8.8s)
  ep 124: 2493 steps  💥 collided  (8.7s)
  ep 125: 2430 steps  💥 collided  (9.1s)
  ep 126: 2422 steps  💥 collided  (8.4s)
  ep 127: 2438 steps  💥 collided  (8.2s)
  ep 128: 2408 steps  💥 collided  (8.4s)
  ep 129: 2454 steps  💥 collided  (8.8s)
  ep 130: 2413 steps  💥 collided  (9.0s)
  ep 131: 2485 steps  💥 collided  (8.6s)
  ep 132: 2500 steps  💥 collided  (8.3s)
  ep 133: 2422 steps  💥 collided  (8.3s)
  ep 134: 2445 steps  💥 collided  (8.3s)
  ep 135: 2431 steps  💥 collided  (8.5s)
  ep 136: 2450 steps  💥 collided  (8.7s)
  ep 137: 2462 steps  💥 collided  (8.7s)
  ep 138: 2465 steps  💥 collided  (9.2s)
  ep 139: 2465 steps  💥 collided  (9.0s)
  ep 140: 2400 steps  💥 collided  (8.2s)
  ep 141: 2400 steps  💥 collided  (9.0s)
  ep 142: 2465 steps  💥 collided  (8.4s)
  ep 143: 2469 steps  💥 collided  (8.4s)
  ep 144: 2431 steps  💥 collided  (8.1s)
  ep 145: 2441 steps  💥 collided  (8.2s)
  ep 146: 2394 steps  💥 collided  (8.1s)
  ep 147: 2477 steps  💥 collided  (9.2s)
  ep 148: 2481 steps  💥 collided  (8.2s)
  ep 149: 2422 steps  💥 collided  (8.1s)
  ep 150: 2517 steps  💥 collided  (8.1s)
  ep 151: 2441 steps  💥 collided  (8.0s)
  ep 152: 2422 steps  💥 collided  (8.0s)
  ep 153: 2417 steps  💥 collided  (7.9s)
  ep 154: 2412 steps  💥 collided  (7.9s)
  ep 155: 2440 steps  💥 collided  (8.0s)
  ep 156: 2469 steps  💥 collided  (8.2s)
  ep 157: 2390 steps  💥 collided  (8.5s)
  ep 158: 2459 steps  💥 collided  (8.6s)
  ep 159: 2429 steps  💥 collided  (8.6s)
  ep 160: 2496 steps  💥 collided  (8.0s)
  ep 161: 2493 steps  💥 collided  (8.1s)
  ep 162: 2464 steps  💥 collided  (8.1s)
  ep 163: 2414 steps  💥 collided  (7.9s)
  ep 164: 2430 steps  💥 collided  (7.9s)
  ep 165: 2402 steps  💥 collided  (7.8s)
  ep 166: 2430 steps  💥 collided  (7.8s)
  ep 167: 2458 steps  💥 collided  (8.4s)
  ep 168: 2373 steps  💥 collided  (9.8s)
  ep 169: 2489 steps  💥 collided  (8.5s)
  ep 170: 2470 steps  💥 collided  (8.2s)
  ep 171: 2462 steps  💥 collided  (8.6s)
  ep 172: 2448 steps  💥 collided  (8.1s)
  ep 173: 2438 steps  💥 collided  (7.7s)
  ep 174: 2429 steps  💥 collided  (7.8s)
  ep 175: 2439 steps  💥 collided  (7.7s)
  ep 176: 2489 steps  💥 collided  (8.0s)
  ep 177: 2490 steps  💥 collided  (8.1s)
  ep 178: 2429 steps  💥 collided  (7.9s)
/home/pragya/f1tenth_gym/gym/f110_gym/envs/base_classes.py:95: UserWarning: Chosen integrator is RK4. This is different from previous versions of the gym.
  warnings.warn(f"Chosen integrator is RK4. This is different from previous versions of the gym.")
  ep 179: 2476 steps  💥 collided  (8.0s)
  ep 180: 2390 steps  💥 collided  (7.6s)
  ep 181: 2445 steps  💥 collided  (8.3s)
  ep 182: 2445 steps  💥 collided  (7.8s)
  ep 183: 2445 steps  💥 collided  (7.8s)
  ep 184: 1427 steps  💥 collided  (4.6s)
  ep 185: 2485 steps  💥 collided  (7.9s)
  ep 186: 2434 steps  💥 collided  (7.9s)
  ep 187: 2449 steps  💥 collided  (8.2s)
  ep 188: 2412 steps  💥 collided  (8.0s)
  ep 189: 2457 steps  💥 collided  (8.3s)
  ep 190: 2434 steps  💥 collided  (8.2s)
  ep 191: 2465 steps  💥 collided  (7.9s)
  ep 192: 2419 steps  💥 collided  (7.8s)
  ep 193: 2427 steps  💥 collided  (7.7s)
  ep 194: 2402 steps  💥 collided  (7.7s)
  ep 195: 2417 steps  💥 collided  (7.7s)
  ep 196: 2390 steps  💥 collided  (7.6s)
  ep 197: 2470 steps  💥 collided  (7.9s)
  ep 198: 2481 steps  💥 collided  (8.0s)
  ep 199: 2442 steps  💥 collided  (8.0s)
  ep 200: 2414 steps  💥 collided  (7.9s)

  Summary: 200/200 episodes saved (200 collisions), 486866 total steps
  Step counts — min: 1427, max: 2559, mean: 2434
  Saved to: /home/pragya/ljepa/data/berlin/

============================================================
Map: skirk  |  Episodes: 200  |  Start: [0.0, 0.0, 0.0]
============================================================
  ep   1:  681 steps  💥 collided  (2.0s)
  ep   2:  702 steps  💥 collided  (2.0s)
  ep   3:  329 steps  💥 collided  (1.1s)
  ep   4:  730 steps  💥 collided  (2.2s)
  ep   5:  728 steps  💥 collided  (2.3s)
  ep   6:  708 steps  💥 collided  (2.2s)
  ep   7:  711 steps  💥 collided  (2.2s)
  ep   8:  702 steps  💥 collided  (2.4s)
  ep   9:  331 steps  💥 collided  (1.1s)
  ep  10:  702 steps  💥 collided  (2.2s)
  ep  11:  721 steps  💥 collided  (2.1s)
  ep  12:  682 steps  💥 collided  (2.1s)
  ep  13:  671 steps  💥 collided  (2.1s)
  ep  14:  711 steps  💥 collided  (2.1s)
  ep  15:  682 steps  💥 collided  (2.0s)
  ep  16:  702 steps  💥 collided  (2.1s)
  ep  17:  711 steps  💥 collided  (2.1s)
  ep  18:  317 steps  💥 collided  (1.0s)
  ep  19:  667 steps  💥 collided  (2.0s)
  ep  20:  721 steps  💥 collided  (2.1s)
  ep  21:  682 steps  💥 collided  (2.0s)
  ep  22:  721 steps  💥 collided  (2.1s)
  ep  23:  700 steps  💥 collided  (2.1s)
  ep  24:  681 steps  💥 collided  (2.0s)
  ep  25:  682 steps  💥 collided  (2.1s)
  ep  26:  729 steps  💥 collided  (2.1s)
  ep  27:  702 steps  💥 collided  (2.1s)
  ep  28:  681 steps  💥 collided  (2.0s)
  ep  29:  682 steps  💥 collided  (2.0s)
  ep  30:  693 steps  💥 collided  (2.1s)
  ep  31:  706 steps  💥 collided  (2.1s)
  ep  32:  662 steps  💥 collided  (2.0s)
  ep  33:  682 steps  💥 collided  (2.0s)
  ep  34:  721 steps  💥 collided  (2.3s)
  ep  35:  711 steps  💥 collided  (2.3s)
  ep  36:  659 steps  💥 collided  (2.1s)
  ep  37:  688 steps  💥 collided  (2.0s)
  ep  38:  716 steps  💥 collided  (2.1s)
  ep  39:  682 steps  💥 collided  (2.0s)
  ep  40:  721 steps  💥 collided  (2.1s)
  ep  41:  699 steps  💥 collided  (2.2s)
  ep  42:  730 steps  💥 collided  (2.1s)
  ep  43:  705 steps  💥 collided  (2.1s)
  ep  44:  681 steps  💥 collided  (2.0s)
  ep  45:  706 steps  💥 collided  (2.1s)
  ep  46:  693 steps  💥 collided  (2.3s)
  ep  47:  355 steps  💥 collided  (1.2s)
  ep  48:  730 steps  💥 collided  (2.0s)
  ep  49:  667 steps  💥 collided  (1.9s)
  ep  50:  704 steps  💥 collided  (2.1s)
  ep  51:  693 steps  💥 collided  (2.0s)
  ep  52:  324 steps  💥 collided  (1.2s)
  ep  53:  686 steps  💥 collided  (2.3s)
  ep  54:  642 steps  💥 collided  (2.1s)
  ep  55:  721 steps  💥 collided  (2.1s)
  ep  56:  717 steps  💥 collided  (2.2s)
  ep  57:  708 steps  💥 collided  (2.1s)
  ep  58:  702 steps  💥 collided  (2.0s)
  ep  59:  693 steps  💥 collided  (2.0s)
  ep  60:  732 steps  💥 collided  (2.2s)
  ep  61:  730 steps  💥 collided  (2.2s)
  ep  62:  727 steps  💥 collided  (2.2s)
  ep  63:  699 steps  💥 collided  (2.1s)
  ep  64:  736 steps  💥 collided  (2.3s)
  ep  65:  711 steps  💥 collided  (2.1s)
  ep  66:  671 steps  💥 collided  (2.0s)
  ep  67:  693 steps  💥 collided  (2.0s)
  ep  68:  721 steps  💥 collided  (2.1s)
  ep  69:  680 steps  💥 collided  (2.0s)
  ep  70:  678 steps  💥 collided  (2.0s)
  ep  71:  696 steps  💥 collided  (2.1s)
  ep  72:  705 steps  💥 collided  (2.1s)
  ep  73:  730 steps  💥 collided  (2.1s)
  ep  74:  716 steps  💥 collided  (2.1s)
  ep  75:  717 steps  💥 collided  (2.0s)
  ep  76:  752 steps  💥 collided  (2.1s)
  ep  77:  671 steps  💥 collided  (2.1s)
  ep  78:  686 steps  💥 collided  (2.4s)
  ep  79:  662 steps  💥 collided  (2.2s)
  ep  80:  693 steps  💥 collided  (2.4s)
  ep  81:  671 steps  💥 collided  (2.1s)
  ep  82:  686 steps  💥 collided  (2.0s)
  ep  83:  752 steps  💥 collided  (2.3s)
  ep  84:  680 steps  💥 collided  (2.0s)
  ep  85:  721 steps  💥 collided  (2.1s)
  ep  86:  702 steps  💥 collided  (2.2s)
  ep  87:  671 steps  💥 collided  (2.0s)
  ep  88:  682 steps  💥 collided  (2.1s)
  ep  89:  721 steps  💥 collided  (2.1s)
  ep  90:  693 steps  💥 collided  (2.1s)
  ep  91:  730 steps  💥 collided  (2.1s)
  ep  92:  744 steps  💥 collided  (2.2s)
  ep  93:  677 steps  💥 collided  (2.1s)
  ep  94:  700 steps  💥 collided  (2.1s)
  ep  95:  720 steps  💥 collided  (2.1s)
  ep  96:  687 steps  💥 collided  (2.0s)
  ep  97:  320 steps  💥 collided  (1.0s)
  ep  98:  702 steps  💥 collided  (2.0s)
  ep  99:  743 steps  💥 collided  (2.2s)
  ep 100:  693 steps  💥 collided  (2.0s)
  ep 101:  721 steps  💥 collided  (2.1s)
  ep 102:  693 steps  💥 collided  (2.1s)
  ep 103:  721 steps  💥 collided  (2.2s)
  ep 104:  736 steps  💥 collided  (2.2s)
  ep 105:  730 steps  💥 collided  (2.1s)
  ep 106:  717 steps  💥 collided  (2.1s)
  ep 107:  314 steps  💥 collided  (1.0s)
  ep 108:  702 steps  💥 collided  (2.1s)
  ep 109:  708 steps  💥 collided  (2.1s)
  ep 110:  679 steps  💥 collided  (2.0s)
  ep 111:  727 steps  💥 collided  (2.1s)
  ep 112:  681 steps  💥 collided  (2.1s)
  ep 113:  693 steps  💥 collided  (2.0s)
  ep 114:  680 steps  💥 collided  (1.9s)
  ep 115:  736 steps  💥 collided  (2.1s)
  ep 116:  693 steps  💥 collided  (2.0s)
  ep 117:  683 steps  💥 collided  (2.0s)
  ep 118:  702 steps  💥 collided  (2.1s)
  ep 119:  722 steps  💥 collided  (2.1s)
  ep 120:  704 steps  💥 collided  (2.0s)
  ep 121:  730 steps  💥 collided  (2.1s)
  ep 122:  702 steps  💥 collided  (2.0s)
  ep 123:  702 steps  💥 collided  (2.0s)
  ep 124:  702 steps  💥 collided  (2.0s)
  ep 125:  718 steps  💥 collided  (2.1s)
  ep 126:  708 steps  💥 collided  (2.1s)
  ep 127:  705 steps  💥 collided  (2.1s)
  ep 128:  307 steps  💥 collided  (1.0s)
  ep 129:  682 steps  💥 collided  (2.0s)
  ep 130:  730 steps  💥 collided  (2.1s)
  ep 131:  687 steps  💥 collided  (2.0s)
  ep 132:  721 steps  💥 collided  (2.1s)
  ep 133:  711 steps  💥 collided  (2.1s)
  ep 134:  682 steps  💥 collided  (2.0s)
  ep 135:  728 steps  💥 collided  (2.1s)
  ep 136:  331 steps  💥 collided  (1.1s)
  ep 137:  711 steps  💥 collided  (2.0s)
  ep 138:  686 steps  💥 collided  (2.0s)
  ep 139:  686 steps  💥 collided  (2.0s)
  ep 140:  721 steps  💥 collided  (2.1s)
  ep 141:  682 steps  💥 collided  (2.0s)
  ep 142:  651 steps  💥 collided  (2.0s)
  ep 143:  717 steps  💥 collided  (2.1s)
  ep 144:  693 steps  💥 collided  (2.0s)
  ep 145:  717 steps  💥 collided  (2.0s)
  ep 146:  677 steps  💥 collided  (2.0s)
  ep 147:  672 steps  💥 collided  (2.0s)
  ep 148:  721 steps  💥 collided  (2.1s)
  ep 149:  708 steps  💥 collided  (2.0s)
  ep 150:  705 steps  💥 collided  (2.1s)
  ep 151:  702 steps  💥 collided  (2.0s)
  ep 152:  722 steps  💥 collided  (2.1s)
  ep 153:  729 steps  💥 collided  (2.1s)
  ep 154:  719 steps  💥 collided  (2.1s)
  ep 155:  682 steps  💥 collided  (2.0s)
  ep 156:  720 steps  💥 collided  (2.1s)
  ep 157:  711 steps  💥 collided  (2.0s)
  ep 158:  672 steps  💥 collided  (2.0s)
  ep 159:  730 steps  💥 collided  (2.1s)
  ep 160:  717 steps  💥 collided  (2.1s)
  ep 161:  702 steps  💥 collided  (2.0s)
  ep 162:  693 steps  💥 collided  (2.0s)
  ep 163:  686 steps  💥 collided  (2.0s)
  ep 164:  705 steps  💥 collided  (2.0s)
  ep 165:  699 steps  💥 collided  (2.0s)
  ep 166:  687 steps  💥 collided  (2.0s)
  ep 167:  649 steps  💥 collided  (1.9s)
  ep 168:  310 steps  💥 collided  (1.0s)
  ep 169:  743 steps  💥 collided  (2.2s)
  ep 170:  721 steps  💥 collided  (2.0s)
  ep 171:  682 steps  💥 collided  (2.0s)
  ep 172:  682 steps  💥 collided  (2.0s)
  ep 173:  721 steps  💥 collided  (2.1s)
  ep 174:  702 steps  💥 collided  (2.0s)
  ep 175:  727 steps  💥 collided  (2.1s)
  ep 176:  721 steps  💥 collided  (2.1s)
  ep 177:  686 steps  💥 collided  (2.0s)
  ep 178:  693 steps  💥 collided  (2.0s)
  ep 179:  682 steps  💥 collided  (2.0s)
  ep 180:  693 steps  💥 collided  (2.0s)
  ep 181:  711 steps  💥 collided  (2.1s)
  ep 182:  693 steps  💥 collided  (2.0s)
  ep 183:  701 steps  💥 collided  (2.0s)
  ep 184:  736 steps  💥 collided  (2.1s)
  ep 185:  700 steps  💥 collided  (2.1s)
  ep 186:  678 steps  💥 collided  (1.9s)
  ep 187:  679 steps  💥 collided  (2.0s)
  ep 188:  702 steps  💥 collided  (2.0s)
  ep 189:  716 steps  💥 collided  (2.1s)
  ep 190:  743 steps  💥 collided  (2.1s)
  ep 191:  671 steps  💥 collided  (1.9s)
  ep 192:  341 steps  💥 collided  (1.0s)
  ep 193:  706 steps  💥 collided  (2.0s)
  ep 194:  720 steps  💥 collided  (2.0s)
  ep 195:  678 steps  💥 collided  (1.9s)
  ep 196:  711 steps  💥 collided  (2.0s)
  ep 197:  706 steps  💥 collided  (2.1s)
  ep 198:  706 steps  💥 collided  (2.0s)
  ep 199:  667 steps  💥 collided  (2.0s)
  ep 200:  682 steps  💥 collided  (2.0s)

  Summary: 200/200 episodes saved (200 collisions), 136237 total steps
  Step counts — min: 307, max: 752, mean: 681
  Saved to: /home/pragya/ljepa/data/skirk/

============================================================
Map: vegas  |  Episodes: 200  |  Start: [0.0, 0.0, 0.0]
============================================================
  ep   1: 2206 steps  💥 collided  (7.1s)
  ep   2: 2188 steps  💥 collided  (7.0s)
  ep   3: 2212 steps  💥 collided  (7.1s)
  ep   4: 2257 steps  💥 collided  (7.3s)
  ep   5: 2288 steps  💥 collided  (7.4s)
  ep   6: 2214 steps  💥 collided  (7.1s)
  ep   7: 2216 steps  💥 collided  (7.0s)
  ep   8: 2265 steps  💥 collided  (7.4s)
  ep   9: 2233 steps  💥 collided  (7.2s)
  ep  10: 2217 steps  💥 collided  (7.1s)
  ep  11: 2197 steps  💥 collided  (7.1s)
  ep  12: 2225 steps  💥 collided  (7.1s)
  ep  13: 2970 steps  ✓ clean  (9.6s)
  ep  14: 2238 steps  💥 collided  (7.3s)
  ep  15: 2258 steps  💥 collided  (7.2s)
  ep  16: 2215 steps  💥 collided  (7.1s)
  ep  17: 2301 steps  💥 collided  (7.3s)
  ep  18: 2205 steps  💥 collided  (7.0s)
  ep  19: 2220 steps  💥 collided  (7.1s)
  ep  20: 2206 steps  💥 collided  (7.1s)
  ep  21: 2242 steps  💥 collided  (7.2s)
  ep  22: 2250 steps  💥 collided  (7.2s)
  ep  23: 2222 steps  💥 collided  (7.2s)
  ep  24: 2209 steps  💥 collided  (7.1s)
  ep  25: 2223 steps  💥 collided  (7.2s)
  ep  26: 2216 steps  💥 collided  (7.1s)
  ep  27: 2219 steps  💥 collided  (7.1s)
  ep  28: 2214 steps  💥 collided  (7.1s)
  ep  29: 2227 steps  💥 collided  (7.1s)
  ep  30: 2242 steps  💥 collided  (7.2s)
  ep  31: 2201 steps  💥 collided  (7.1s)
  ep  32: 2970 steps  ✓ clean  (9.5s)
  ep  33: 2227 steps  💥 collided  (7.2s)
  ep  34: 2241 steps  💥 collided  (7.1s)
  ep  35: 2215 steps  💥 collided  (7.1s)
  ep  36: 2212 steps  💥 collided  (7.1s)
  ep  37: 2195 steps  💥 collided  (7.1s)
  ep  38: 2195 steps  💥 collided  (6.9s)
  ep  39: 2970 steps  ✓ clean  (9.5s)
  ep  40: 2241 steps  💥 collided  (7.2s)
  ep  41: 2222 steps  💥 collided  (7.1s)
  ep  42: 2231 steps  💥 collided  (7.2s)
  ep  43: 2970 steps  ✓ clean  (9.4s)
  ep  44: 2223 steps  💥 collided  (7.1s)
  ep  45: 2214 steps  💥 collided  (7.1s)
  ep  46: 2242 steps  💥 collided  (7.3s)
  ep  47: 2970 steps  ✓ clean  (9.6s)
  ep  48: 2220 steps  💥 collided  (7.1s)
  ep  49: 2223 steps  💥 collided  (7.1s)
  ep  50: 2241 steps  💥 collided  (7.2s)
  ep  51: 2230 steps  💥 collided  (7.2s)
  ep  52: 2232 steps  💥 collided  (7.1s)
  ep  53: 2271 steps  💥 collided  (7.2s)
  ep  54: 2213 steps  💥 collided  (7.1s)
  ep  55: 2200 steps  💥 collided  (7.0s)
  ep  56: 2336 steps  💥 collided  (7.4s)
  ep  57: 2214 steps  💥 collided  (7.1s)
  ep  58: 2195 steps  💥 collided  (7.0s)
  ep  59: 2244 steps  💥 collided  (7.2s)
  ep  60: 2211 steps  💥 collided  (7.1s)
  ep  61: 2196 steps  💥 collided  (7.0s)
  ep  62: 2231 steps  💥 collided  (7.1s)
  ep  63: 2226 steps  💥 collided  (7.1s)
  ep  64: 2321 steps  💥 collided  (7.4s)
  ep  65: 2280 steps  💥 collided  (7.3s)
  ep  66: 2277 steps  💥 collided  (7.3s)
  ep  67: 2246 steps  💥 collided  (7.2s)
  ep  68: 2206 steps  💥 collided  (7.1s)
  ep  69: 2228 steps  💥 collided  (7.1s)
  ep  70: 2217 steps  💥 collided  (7.0s)
  ep  71: 2205 steps  💥 collided  (7.1s)
  ep  72: 2970 steps  ✓ clean  (9.5s)
  ep  73: 2970 steps  ✓ clean  (9.6s)
  ep  74: 2235 steps  💥 collided  (7.1s)
  ep  75: 2218 steps  💥 collided  (7.2s)
  ep  76: 2970 steps  ✓ clean  (9.4s)
  ep  77: 2224 steps  💥 collided  (7.2s)
  ep  78: 2224 steps  💥 collided  (7.2s)
  ep  79: 2970 steps  ✓ clean  (9.7s)
  ep  80: 2222 steps  💥 collided  (7.1s)
  ep  81: 2315 steps  💥 collided  (7.3s)
  ep  82: 2970 steps  ✓ clean  (9.5s)
  ep  83: 2970 steps  ✓ clean  (9.6s)
  ep  84: 2228 steps  💥 collided  (7.1s)
  ep  85: 2201 steps  💥 collided  (7.1s)
  ep  86: 2282 steps  💥 collided  (7.3s)
  ep  87: 2211 steps  💥 collided  (7.1s)
  ep  88: 2219 steps  💥 collided  (7.1s)
  ep  89: 2228 steps  💥 collided  (7.1s)
  ep  90: 2213 steps  💥 collided  (7.1s)
  ep  91: 2970 steps  ✓ clean  (9.6s)
  ep  92: 2970 steps  ✓ clean  (9.6s)
  ep  93: 2233 steps  💥 collided  (7.2s)
  ep  94: 2223 steps  💥 collided  (7.1s)
  ep  95: 2200 steps  💥 collided  (7.0s)
  ep  96: 2230 steps  💥 collided  (7.1s)
  ep  97: 2215 steps  💥 collided  (7.1s)
  ep  98: 2193 steps  💥 collided  (7.0s)
  ep  99: 2226 steps  💥 collided  (7.1s)
  ep 100: 2214 steps  💥 collided  (7.0s)
  ep 101: 2213 steps  💥 collided  (7.0s)
  ep 102: 2205 steps  💥 collided  (7.0s)
  ep 103: 2254 steps  💥 collided  (7.2s)
  ep 104: 2970 steps  ✓ clean  (9.4s)
  ep 105: 2282 steps  💥 collided  (7.2s)
  ep 106: 2214 steps  💥 collided  (7.0s)
  ep 107: 2217 steps  💥 collided  (7.1s)
  ep 108: 2298 steps  💥 collided  (7.2s)
  ep 109: 2199 steps  💥 collided  (7.0s)
  ep 110: 2223 steps  💥 collided  (7.1s)
  ep 111: 2204 steps  💥 collided  (7.0s)
  ep 112: 2214 steps  💥 collided  (7.1s)
  ep 113: 2236 steps  💥 collided  (7.2s)
  ep 114: 2201 steps  💥 collided  (7.0s)
  ep 115: 2232 steps  💥 collided  (7.2s)
  ep 116: 2233 steps  💥 collided  (7.1s)
  ep 117: 2241 steps  💥 collided  (7.1s)
  ep 118: 2205 steps  💥 collided  (7.1s)
  ep 119: 2226 steps  💥 collided  (7.1s)
  ep 120: 2211 steps  💥 collided  (7.1s)
  ep 121: 2256 steps  💥 collided  (7.2s)
  ep 122: 2228 steps  💥 collided  (7.1s)
  ep 123: 2231 steps  💥 collided  (7.1s)
  ep 124: 2242 steps  💥 collided  (7.2s)
  ep 125: 2267 steps  💥 collided  (7.4s)
  ep 126: 2194 steps  💥 collided  (7.1s)
  ep 127: 2200 steps  💥 collided  (7.0s)
  ep 128: 2199 steps  💥 collided  (7.0s)
  ep 129: 2235 steps  💥 collided  (7.2s)
  ep 130: 2970 steps  ✓ clean  (9.5s)
  ep 131: 2232 steps  💥 collided  (7.1s)
  ep 132: 2304 steps  💥 collided  (7.3s)
  ep 133: 2260 steps  💥 collided  (7.2s)
  ep 134: 2222 steps  💥 collided  (7.2s)
  ep 135: 2215 steps  💥 collided  (7.1s)
  ep 136: 2222 steps  💥 collided  (7.1s)
  ep 137: 2225 steps  💥 collided  (7.2s)
  ep 138: 2235 steps  💥 collided  (7.2s)
  ep 139: 2970 steps  ✓ clean  (9.4s)
  ep 140: 2206 steps  💥 collided  (7.0s)
  ep 141: 2219 steps  💥 collided  (7.2s)
  ep 142: 2235 steps  💥 collided  (7.2s)
  ep 143: 2970 steps  ✓ clean  (9.7s)
  ep 144: 2205 steps  💥 collided  (7.1s)
  ep 145: 2214 steps  💥 collided  (7.1s)
  ep 146: 2290 steps  💥 collided  (7.2s)
  ep 147: 2220 steps  💥 collided  (7.1s)
  ep 148: 2215 steps  💥 collided  (7.0s)
  ep 149: 2225 steps  💥 collided  (7.1s)
  ep 150: 2970 steps  ✓ clean  (9.5s)
  ep 151: 2223 steps  💥 collided  (7.2s)
  ep 152: 2196 steps  💥 collided  (7.1s)
  ep 153: 2213 steps  💥 collided  (7.1s)
  ep 154: 2228 steps  💥 collided  (7.1s)
  ep 155: 2216 steps  💥 collided  (7.1s)
  ep 156: 2223 steps  💥 collided  (7.1s)
  ep 157: 2205 steps  💥 collided  (7.1s)
  ep 158: 2282 steps  💥 collided  (7.3s)
  ep 159: 2223 steps  💥 collided  (7.1s)
  ep 160: 2245 steps  💥 collided  (7.1s)
  ep 161: 2269 steps  💥 collided  (7.2s)
  ep 162: 2260 steps  💥 collided  (7.2s)
  ep 163: 2219 steps  💥 collided  (7.1s)
  ep 164: 2244 steps  💥 collided  (7.2s)
  ep 165: 2217 steps  💥 collided  (7.1s)
  ep 166: 2201 steps  💥 collided  (7.0s)
  ep 167: 2233 steps  💥 collided  (7.2s)
  ep 168: 2204 steps  💥 collided  (7.1s)
  ep 169: 2257 steps  💥 collided  (7.3s)
  ep 170: 2206 steps  💥 collided  (7.1s)
  ep 171: 2235 steps  💥 collided  (7.1s)
  ep 172: 2970 steps  ✓ clean  (9.5s)
  ep 173: 2223 steps  💥 collided  (7.1s)
  ep 174: 2193 steps  💥 collided  (7.0s)
  ep 175: 2206 steps  💥 collided  (7.0s)
  ep 176: 2256 steps  💥 collided  (7.2s)
  ep 177: 2290 steps  💥 collided  (7.3s)
  ep 178: 2217 steps  💥 collided  (7.0s)
  ep 179: 2276 steps  💥 collided  (7.3s)
  ep 180: 2192 steps  💥 collided  (7.0s)
  ep 181: 2224 steps  💥 collided  (7.1s)
  ep 182: 2212 steps  💥 collided  (7.1s)
  ep 183: 2223 steps  💥 collided  (7.1s)
  ep 184: 2225 steps  💥 collided  (7.1s)
  ep 185: 2970 steps  ✓ clean  (9.6s)
  ep 186: 2218 steps  💥 collided  (7.1s)
  ep 187: 2216 steps  💥 collided  (7.1s)
  ep 188: 2220 steps  💥 collided  (7.1s)
  ep 189: 2241 steps  💥 collided  (7.2s)
  ep 190: 2329 steps  💥 collided  (7.4s)
  ep 191: 2242 steps  💥 collided  (7.1s)
  ep 192: 2311 steps  💥 collided  (7.3s)
  ep 193: 2970 steps  ✓ clean  (9.7s)
  ep 194: 2195 steps  💥 collided  (7.0s)
  ep 195: 2225 steps  💥 collided  (7.2s)
  ep 196: 2970 steps  ✓ clean  (9.5s)
  ep 197: 2232 steps  💥 collided  (7.2s)
  ep 198: 2320 steps  💥 collided  (7.3s)
  ep 199: 2223 steps  💥 collided  (7.1s)
  ep 200: 2208 steps  💥 collided  (7.1s)

  Summary: 200/200 episodes saved (178 collisions), 462261 total steps
  Step counts — min: 2188, max: 2970, mean: 2311
  Saved to: /home/pragya/ljepa/data/vegas/

============================================================
Map: stata_basement  |  Episodes: 200  |  Start: [0.0, 0.0, 0.0]
============================================================
  ep   1: 2970 steps  ✓ clean  (7.6s)
  ep   2: 2970 steps  ✓ clean  (7.8s)
  ep   3: 2970 steps  ✓ clean  (7.6s)
  ep   4: 2970 steps  ✓ clean  (7.6s)
  ep   5: 2970 steps  ✓ clean  (7.7s)
  ep   6: 1852 steps  💥 collided  (5.8s)
  ep   7: 1857 steps  💥 collided  (5.8s)
  ep   8: 2970 steps  ✓ clean  (7.7s)
  ep   9: 2970 steps  ✓ clean  (7.7s)
  ep  10: 2970 steps  ✓ clean  (7.7s)
  ep  11: 1837 steps  💥 collided  (5.8s)
  ep  12: 2970 steps  ✓ clean  (7.7s)
  ep  13: 2970 steps  ✓ clean  (7.7s)
  ep  14: 2970 steps  ✓ clean  (7.7s)
  ep  15: 2970 steps  ✓ clean  (7.7s)
  ep  16: 2970 steps  ✓ clean  (7.7s)
  ep  17: 2970 steps  ✓ clean  (7.6s)
  ep  18: 2970 steps  ✓ clean  (7.6s)
  ep  19:  549 steps  💥 collided  (1.8s)
  ep  20: 2970 steps  ✓ clean  (7.8s)
  ep  21: 2970 steps  ✓ clean  (7.9s)
  ep  22: 2970 steps  ✓ clean  (7.7s)
  ep  23: 2970 steps  ✓ clean  (7.6s)
  ep  24: 2970 steps  ✓ clean  (7.8s)
  ep  25: 2970 steps  ✓ clean  (7.6s)
  ep  26: 1844 steps  💥 collided  (5.8s)
  ep  27:  535 steps  💥 collided  (1.7s)
  ep  28: 1833 steps  💥 collided  (5.7s)
  ep  29: 2970 steps  ✓ clean  (7.6s)
  ep  30: 2970 steps  ✓ clean  (7.7s)
  ep  31: 1852 steps  💥 collided  (5.8s)
  ep  32: 2970 steps  ✓ clean  (7.8s)
  ep  33: 1882 steps  💥 collided  (5.9s)
  ep  34: 2970 steps  ✓ clean  (7.6s)
  ep  35: 2970 steps  ✓ clean  (7.7s)
  ep  36: 2970 steps  ✓ clean  (7.6s)
  ep  37:  536 steps  💥 collided  (1.7s)
  ep  38: 2970 steps  ✓ clean  (7.8s)
  ep  39: 1857 steps  💥 collided  (5.8s)
  ep  40: 2970 steps  ✓ clean  (7.5s)
  ep  41: 2970 steps  ✓ clean  (7.8s)
  ep  42: 2970 steps  ✓ clean  (7.8s)
  ep  43: 2970 steps  ✓ clean  (7.8s)
  ep  44: 2970 steps  ✓ clean  (7.8s)
  ep  45: 2970 steps  ✓ clean  (7.6s)
  ep  46: 2970 steps  ✓ clean  (7.7s)
  ep  47: 2970 steps  ✓ clean  (7.7s)
  ep  48: 2970 steps  ✓ clean  (7.7s)
  ep  49: 1937 steps  💥 collided  (6.1s)
  ep  50: 2970 steps  ✓ clean  (7.8s)
  ep  51: 2970 steps  ✓ clean  (7.6s)
  ep  52: 2970 steps  ✓ clean  (7.6s)
  ep  53: 2970 steps  ✓ clean  (7.7s)
  ep  54: 2970 steps  ✓ clean  (7.8s)
  ep  55: 2970 steps  ✓ clean  (7.6s)
  ep  56: 2970 steps  ✓ clean  (7.7s)
  ep  57: 1852 steps  💥 collided  (5.8s)
  ep  58: 2970 steps  ✓ clean  (7.5s)
  ep  59: 2970 steps  ✓ clean  (7.6s)
  ep  60:  545 steps  💥 collided  (1.8s)
  ep  61: 1887 steps  💥 collided  (5.8s)
  ep  62: 2970 steps  ✓ clean  (7.6s)
  ep  63: 2970 steps  ✓ clean  (7.9s)
  ep  64: 2970 steps  ✓ clean  (7.7s)
  ep  65: 2970 steps  ✓ clean  (7.6s)
  ep  66: 2970 steps  ✓ clean  (7.7s)
  ep  67: 2970 steps  ✓ clean  (7.7s)
  ep  68: 2970 steps  ✓ clean  (7.7s)
  ep  69: 1842 steps  💥 collided  (5.9s)
  ep  70: 1956 steps  💥 collided  (6.0s)
  ep  71:  537 steps  💥 collided  (1.7s)
  ep  72: 2970 steps  ✓ clean  (7.6s)
  ep  73: 2970 steps  ✓ clean  (7.6s)
  ep  74: 2970 steps  ✓ clean  (7.6s)
  ep  75:  533 steps  💥 collided  (1.7s)
  ep  76: 2970 steps  ✓ clean  (7.7s)
  ep  77: 2970 steps  ✓ clean  (7.6s)
  ep  78: 2970 steps  ✓ clean  (7.6s)
  ep  79: 2970 steps  ✓ clean  (7.9s)
  ep  80: 2970 steps  ✓ clean  (7.7s)
  ep  81: 2970 steps  ✓ clean  (7.9s)
  ep  82: 2970 steps  ✓ clean  (7.8s)
  ep  83: 2970 steps  ✓ clean  (7.8s)
  ep  84: 2970 steps  ✓ clean  (7.7s)
  ep  85: 2970 steps  ✓ clean  (7.6s)
  ep  86: 1827 steps  💥 collided  (5.8s)
  ep  87: 2970 steps  ✓ clean  (7.7s)
  ep  88: 1929 steps  💥 collided  (6.0s)
  ep  89: 2970 steps  ✓ clean  (7.6s)
  ep  90:  541 steps  💥 collided  (1.8s)
  ep  91: 2970 steps  ✓ clean  (7.7s)
  ep  92: 2970 steps  ✓ clean  (7.6s)
  ep  93: 2970 steps  ✓ clean  (7.6s)
  ep  94: 2970 steps  ✓ clean  (7.9s)
  ep  95: 1924 steps  💥 collided  (5.9s)
  ep  96: 2970 steps  ✓ clean  (7.7s)
  ep  97: 1907 steps  💥 collided  (5.9s)
  ep  98: 1852 steps  💥 collided  (5.9s)
  ep  99: 2970 steps  ✓ clean  (7.6s)
  ep 100: 1851 steps  💥 collided  (5.9s)
  ep 101: 2970 steps  ✓ clean  (7.6s)
  ep 102: 1848 steps  💥 collided  (5.8s)
  ep 103: 2970 steps  ✓ clean  (7.7s)
  ep 104: 2970 steps  ✓ clean  (7.6s)
  ep 105: 2970 steps  ✓ clean  (7.7s)
  ep 106: 1851 steps  💥 collided  (5.9s)
  ep 107:  542 steps  💥 collided  (1.8s)
  ep 108: 2970 steps  ✓ clean  (7.6s)
  ep 109: 1847 steps  💥 collided  (5.9s)
  ep 110: 2970 steps  ✓ clean  (7.5s)
  ep 111: 2970 steps  ✓ clean  (7.7s)
  ep 112: 2970 steps  ✓ clean  (7.9s)
  ep 113: 2970 steps  ✓ clean  (7.8s)
  ep 114: 1910 steps  💥 collided  (5.9s)
  ep 115: 2970 steps  ✓ clean  (7.6s)
  ep 116: 2970 steps  ✓ clean  (7.7s)
  ep 117: 2970 steps  ✓ clean  (7.7s)
  ep 118: 2970 steps  ✓ clean  (7.6s)
  ep 119: 2970 steps  ✓ clean  (7.6s)
  ep 120: 2970 steps  ✓ clean  (7.7s)
  ep 121: 2970 steps  ✓ clean  (7.6s)
  ep 122: 2970 steps  ✓ clean  (7.7s)
  ep 123:  534 steps  💥 collided  (1.7s)
  ep 124: 2970 steps  ✓ clean  (7.6s)
  ep 125: 2970 steps  ✓ clean  (7.7s)
  ep 126: 2970 steps  ✓ clean  (7.7s)
  ep 127: 1835 steps  💥 collided  (5.7s)
  ep 128: 2970 steps  ✓ clean  (7.7s)
  ep 129: 2970 steps  ✓ clean  (7.7s)
  ep 130: 2970 steps  ✓ clean  (7.8s)
  ep 131:  559 steps  💥 collided  (1.8s)
  ep 132: 2970 steps  ✓ clean  (7.6s)
  ep 133: 2970 steps  ✓ clean  (7.7s)
  ep 134: 2970 steps  ✓ clean  (7.7s)
  ep 135: 2970 steps  ✓ clean  (7.6s)
  ep 136: 2970 steps  ✓ clean  (7.7s)
  ep 137: 2970 steps  ✓ clean  (7.9s)
  ep 138: 2970 steps  ✓ clean  (7.8s)
  ep 139: 2970 steps  ✓ clean  (7.8s)
  ep 140: 2970 steps  ✓ clean  (7.6s)
  ep 141: 2970 steps  ✓ clean  (7.8s)
  ep 142: 2970 steps  ✓ clean  (7.7s)
  ep 143: 2970 steps  ✓ clean  (7.6s)
  ep 144:  541 steps  💥 collided  (1.8s)
  ep 145: 2970 steps  ✓ clean  (7.6s)
  ep 146: 2970 steps  ✓ clean  (7.8s)
  ep 147: 2970 steps  ✓ clean  (7.7s)
  ep 148: 2970 steps  ✓ clean  (7.6s)
  ep 149: 2970 steps  ✓ clean  (7.6s)
  ep 150: 2970 steps  ✓ clean  (7.8s)
  ep 151: 2970 steps  ✓ clean  (7.7s)
  ep 152: 2970 steps  ✓ clean  (7.6s)
  ep 153: 2970 steps  ✓ clean  (7.6s)
  ep 154: 2970 steps  ✓ clean  (7.6s)
  ep 155: 2970 steps  ✓ clean  (7.8s)
  ep 156: 2970 steps  ✓ clean  (7.6s)
  ep 157:  533 steps  💥 collided  (1.7s)
  ep 158:  550 steps  💥 collided  (1.8s)
  ep 159: 2970 steps  ✓ clean  (7.7s)
  ep 160: 2970 steps  ✓ clean  (7.7s)
  ep 161: 2970 steps  ✓ clean  (7.6s)
  ep 162: 2970 steps  ✓ clean  (7.6s)
  ep 163: 1848 steps  💥 collided  (5.8s)
  ep 164: 2970 steps  ✓ clean  (7.6s)
  ep 165: 2970 steps  ✓ clean  (7.6s)
  ep 166: 2970 steps  ✓ clean  (7.5s)
  ep 167: 2970 steps  ✓ clean  (7.7s)
  ep 168: 2970 steps  ✓ clean  (7.8s)
  ep 169: 2970 steps  ✓ clean  (7.8s)
  ep 170: 2970 steps  ✓ clean  (7.7s)
  ep 171: 2970 steps  ✓ clean  (7.6s)
  ep 172: 2970 steps  ✓ clean  (7.6s)
  ep 173: 2970 steps  ✓ clean  (7.6s)
  ep 174: 2970 steps  ✓ clean  (7.7s)
  ep 175: 2970 steps  ✓ clean  (7.6s)
  ep 176: 2970 steps  ✓ clean  (7.8s)
  ep 177: 2970 steps  ✓ clean  (7.7s)
  ep 178: 2970 steps  ✓ clean  (7.7s)
  ep 179: 2970 steps  ✓ clean  (7.7s)
  ep 180: 2970 steps  ✓ clean  (7.5s)
  ep 181: 2970 steps  ✓ clean  (7.7s)
  ep 182: 2970 steps  ✓ clean  (7.6s)
  ep 183: 2970 steps  ✓ clean  (7.6s)
  ep 184: 2970 steps  ✓ clean  (7.7s)
  ep 185: 2970 steps  ✓ clean  (7.7s)
  ep 186: 2970 steps  ✓ clean  (7.6s)
  ep 187: 1854 steps  💥 collided  (5.8s)
  ep 188: 1884 steps  💥 collided  (5.9s)
  ep 189: 2970 steps  ✓ clean  (7.6s)
  ep 190: 2970 steps  ✓ clean  (7.7s)
  ep 191: 2970 steps  ✓ clean  (7.7s)
  ep 192: 2970 steps  ✓ clean  (7.9s)
  ep 193: 2970 steps  ✓ clean  (7.7s)
  ep 194: 2970 steps  ✓ clean  (7.7s)
  ep 195: 2970 steps  ✓ clean  (7.7s)
  ep 196: 2970 steps  ✓ clean  (7.7s)
  ep 197: 2970 steps  ✓ clean  (7.7s)
  ep 198: 2970 steps  ✓ clean  (7.7s)
  ep 199: 1838 steps  💥 collided  (5.8s)
  ep 200: 2970 steps  ✓ clean  (8.1s)

  Summary: 200/200 episodes saved (41 collisions), 531558 total steps
  Step counts — min: 533, max: 2970, mean: 2658
  Saved to: /home/pragya/ljepa/data/stata_basement/

============================================================
DONE: 800 episodes, 1,616,922 steps total

============================================================
Dataset at: /home/pragya/ljepa/data
============================================================
  berlin              :  207 episodes, 503,976 steps
  skirk               :  200 episodes, 136,237 steps
  stata_basement      :  200 episodes, 531,558 steps
  vegas               :  200 episodes, 462,261 steps
  TOTAL               : 1,634,032 steps

Next step: python3 training/pretrain.py
